<?xml version="1.0" encoding="UTF-8"?>
<!-- Generated by org.testng.reporters.JUnitXMLReporter -->
<testsuite ignored="0" hostname="Sanj" failures="0" tests="6" name="Test" time="23.912" errors="0" timestamp="2023-11-07T12:22:57 IST">
  <testcase classname="testScripts.BaseClass" name="@BeforeClass launchBrowser" time="-1.699339956841E9">
    <failure type="org.testng.TestNGException" message="
Parameter &amp;apos;browserName&amp;apos; is required by BeforeClass on method launchBrowser but has not been marked @Optional or defined
in C:\Users\sanje\git\SumanthJavaSelenium\Selenium10\mix.xml">
      <![CDATA[org.testng.TestNGException: 
Parameter 'browserName' is required by BeforeClass on method launchBrowser but has not been marked @Optional or defined
in C:\Users\sanje\git\SumanthJavaSelenium\Selenium10\mix.xml
at java.base/java.util.ArrayList.forEach(ArrayList.java:1511)
... Removed 22 stack frames]]>
    </failure>
  </testcase> <!-- @BeforeClass launchBrowser -->
  <testcase classname="testScripts.BaseClass" name="@AfterClass closeBrowser" time="0.0">
    <skipped/>
  </testcase> <!-- @AfterClass closeBrowser -->
  <testcase classname="testScripts.BaseClass" name="@BeforeClass launchBrowser" time="-1.699339956897E9">
    <failure type="org.testng.TestNGException" message="
Parameter &amp;apos;browserName&amp;apos; is required by BeforeClass on method launchBrowser but has not been marked @Optional or defined
in C:\Users\sanje\git\SumanthJavaSelenium\Selenium10\mix.xml">
      <![CDATA[org.testng.TestNGException: 
Parameter 'browserName' is required by BeforeClass on method launchBrowser but has not been marked @Optional or defined
in C:\Users\sanje\git\SumanthJavaSelenium\Selenium10\mix.xml
at java.base/java.util.ArrayList.forEach(ArrayList.java:1511)
... Removed 22 stack frames]]>
    </failure>
  </testcase> <!-- @BeforeClass launchBrowser -->
  <testcase classname="testScripts.BaseClass" name="@AfterClass closeBrowser" time="0.0">
    <skipped/>
  </testcase> <!-- @AfterClass closeBrowser -->
  <testcase classname="testScripts.BaseClass" name="@BeforeClass launchBrowser" time="-1.699339956912E9">
    <failure type="org.testng.TestNGException" message="
Parameter &amp;apos;browserName&amp;apos; is required by BeforeClass on method launchBrowser but has not been marked @Optional or defined
in C:\Users\sanje\git\SumanthJavaSelenium\Selenium10\mix.xml">
      <![CDATA[org.testng.TestNGException: 
Parameter 'browserName' is required by BeforeClass on method launchBrowser but has not been marked @Optional or defined
in C:\Users\sanje\git\SumanthJavaSelenium\Selenium10\mix.xml
at java.base/java.util.ArrayList.forEach(ArrayList.java:1511)
... Removed 22 stack frames]]>
    </failure>
  </testcase> <!-- @BeforeClass launchBrowser -->
  <testcase classname="testScripts.BaseClass" name="@AfterClass closeBrowser" time="0.0">
    <skipped/>
  </testcase> <!-- @AfterClass closeBrowser -->
  <testcase classname="testng.TC_Apple_003" name="openingApple" time="3.701"/>
  <testcase classname="testScripts.kia" name="Kia" time="0.001">
    <skipped/>
  </testcase> <!-- Kia -->
  <testcase classname="testScripts.Mahindra" name="mahindra" time="0.0">
    <skipped/>
  </testcase> <!-- mahindra -->
  <testcase classname="testScripts.bmw" name="bmwcar" time="0.001">
    <skipped/>
  </testcase> <!-- bmwcar -->
  <testcase classname="testng.TC_DairyMilk_006" name="openingDairyMilk" time="8.493"/>
  <testcase classname="testng.TC_galaxy_008" name="openingGalaxy" time="11.524"/>
</testsuite> <!-- Test -->
