<?xml version="1.0" encoding="UTF-8"?>
<!-- Generated by org.testng.reporters.JUnitReportReporter -->
<testsuite hostname="Sanj" failures="0" tests="2" name="testScripts.Mahindra" time="-1699339904.000" errors="1" timestamp="2023-11-07T12:22:57 IST" skipped="1">
  <testcase classname="testScripts.Mahindra" name="mahindra" time="0.000">
    <skipped/>
  </testcase> <!-- mahindra -->
  <testcase classname="testScripts.Mahindra" name="launchBrowser" time="-1699339904.000">
    <error message="
Parameter &#039;browserName&#039; is required by BeforeClass on method launchBrowser but has not been marked @Optional or defined
in C:\Users\sanje\git\SumanthJavaSelenium\Selenium10\mix.xml" type="org.testng.TestNGException">
      <![CDATA[org.testng.TestNGException: 
Parameter 'browserName' is required by BeforeClass on method launchBrowser but has not been marked @Optional or defined
in C:\Users\sanje\git\SumanthJavaSelenium\Selenium10\mix.xml
at org.testng.internal.Parameters.createParams(Parameters.java:267)
at org.testng.internal.Parameters.createParametersForMethod(Parameters.java:355)
at org.testng.internal.Parameters.createParameters(Parameters.java:684)
at org.testng.internal.Parameters.createConfigurationParameters(Parameters.java:166)
at org.testng.internal.invokers.ConfigInvoker.invokeConfigurations(ConfigInvoker.java:306)
at org.testng.internal.invokers.TestMethodWorker.invokeBeforeClassMethods(TestMethodWorker.java:180)
at org.testng.internal.invokers.TestMethodWorker.run(TestMethodWorker.java:122)
at java.base/java.util.ArrayList.forEach(ArrayList.java:1511)
at org.testng.TestRunner.privateRun(TestRunner.java:848)
at org.testng.TestRunner.run(TestRunner.java:621)
at org.testng.SuiteRunner.runTest(SuiteRunner.java:443)
at org.testng.SuiteRunner.runSequentially(SuiteRunner.java:437)
at org.testng.SuiteRunner.privateRun(SuiteRunner.java:397)
at org.testng.SuiteRunner.run(SuiteRunner.java:336)
at org.testng.SuiteRunnerWorker.runSuite(SuiteRunnerWorker.java:52)
at org.testng.SuiteRunnerWorker.run(SuiteRunnerWorker.java:95)
at org.testng.TestNG.runSuitesSequentially(TestNG.java:1280)
at org.testng.TestNG.runSuitesLocally(TestNG.java:1200)
at org.testng.TestNG.runSuites(TestNG.java:1114)
at org.testng.TestNG.run(TestNG.java:1082)
at org.testng.remote.AbstractRemoteTestNG.run(AbstractRemoteTestNG.java:115)
at org.testng.remote.RemoteTestNG.initAndRun(RemoteTestNG.java:251)
at org.testng.remote.RemoteTestNG.main(RemoteTestNG.java:77)
]]>
    </error>
  </testcase> <!-- launchBrowser -->
  <system-out>
    <![CDATA[Browser is Launched
Browser is Maximized
Opened apple page
Browser closed
Browser is Launched
Browser is Maximized
Opened cadbury page
Browser closed
Browser is Launched
Browser is Maximized
Opened galaxy page
Browser closed]]>
  </system-out>
</testsuite> <!-- testScripts.Mahindra -->
