<?xml version="1.0" encoding="UTF-8"?>
<!-- Generated by org.testng.reporters.JUnitReportReporter -->
<testsuite hostname="Sanj" failures="0" tests="4" name="testScripts.kia" time="8.134" errors="2" timestamp="2024-02-07T10:33:01 IST" skipped="2">
  <testcase classname="testScripts.kia" name="Kia" time="0.000">
    <skipped/>
  </testcase> <!-- Kia -->
  <testcase classname="testScripts.kia" name="launchBrowser" time="5.037">
    <error message="session not created: This version of Microsoft Edge WebDriver only supports Microsoft Edge version 118
Current browser version is 121.0.2277.98 with binary path C:\Program Files (x86)\Microsoft\Edge\Application\msedge.exe
Build info: version: &#039;3.141.59&#039;, revision: &#039;e82be7d358&#039;, time: &#039;2018-11-14T08:25:53&#039;
System info: host: &#039;SANJ&#039;, ip: &#039;192.168.29.242&#039;, os.name: &#039;Windows 11&#039;, os.arch: &#039;amd64&#039;, os.version: &#039;10.0&#039;, java.version: &#039;17.0.7&#039;
Driver info: driver.version: EdgeDriver
remote stacktrace: 	GetHandleVerifier [0x00007FF7702C8942+63554]
	Microsoft::Applications::Events::ILogConfiguration::operator* [0x00007FF770252462+257778]
	(No symbol) [0x00007FF770031139]
	(No symbol) [0x00007FF7700675B8]
	(No symbol) [0x00007FF770066C63]
	(No symbol) [0x00007FF7700626A7]
	(No symbol) [0x00007FF77005EA49]
	(No symbol) [0x00007FF77009C630]
	(No symbol) [0x00007FF7700949D3]
	(No symbol) [0x00007FF77006A574]
	(No symbol) [0x00007FF770069C40]
	(No symbol) [0x00007FF77006ACF4]
	Microsoft::Applications::Events::EventProperty::to_string [0x00007FF770488BC9+1121529]
	(No symbol) [0x00007FF7700D7BB6]
	Microsoft::Applications::Events::EventProperty::~EventProperty [0x00007FF7701A1DBA+33914]
	Microsoft::Applications::Events::EventProperty::~EventProperty [0x00007FF77019A759+3609]
	Microsoft::Applications::Events::EventProperty::to_string [0x00007FF770487C44+1117556]
	Microsoft::Applications::Events::ILogConfiguration::operator* [0x00007FF77025C718+299432]
	Microsoft::Applications::Events::ILogConfiguration::operator* [0x00007FF7702574A4+278324]
	Microsoft::Applications::Events::ILogConfiguration::operator* [0x00007FF7702575D2+278626]
	Microsoft::Applications::Events::ILogConfiguration::operator* [0x00007FF77024A991+226337]
	BaseThreadInitThunk [0x00007FFAF755257D+29]
	RtlUserThreadStart [0x00007FFAF878AA58+40]
" type="org.openqa.selenium.SessionNotCreatedException">
      <![CDATA[org.openqa.selenium.SessionNotCreatedException: session not created: This version of Microsoft Edge WebDriver only supports Microsoft Edge version 118
Current browser version is 121.0.2277.98 with binary path C:\Program Files (x86)\Microsoft\Edge\Application\msedge.exe
Build info: version: '3.141.59', revision: 'e82be7d358', time: '2018-11-14T08:25:53'
System info: host: 'SANJ', ip: '192.168.29.242', os.name: 'Windows 11', os.arch: 'amd64', os.version: '10.0', java.version: '17.0.7'
Driver info: driver.version: EdgeDriver
remote stacktrace: GetHandleVerifier [0x00007FF7702C8942+63554]
Microsoft::Applications::Events::ILogConfiguration::operator* [0x00007FF770252462+257778]
(No symbol) [0x00007FF770031139]
(No symbol) [0x00007FF7700675B8]
(No symbol) [0x00007FF770066C63]
(No symbol) [0x00007FF7700626A7]
(No symbol) [0x00007FF77005EA49]
(No symbol) [0x00007FF77009C630]
(No symbol) [0x00007FF7700949D3]
(No symbol) [0x00007FF77006A574]
(No symbol) [0x00007FF770069C40]
(No symbol) [0x00007FF77006ACF4]
Microsoft::Applications::Events::EventProperty::to_string [0x00007FF770488BC9+1121529]
(No symbol) [0x00007FF7700D7BB6]
Microsoft::Applications::Events::EventProperty::~EventProperty [0x00007FF7701A1DBA+33914]
Microsoft::Applications::Events::EventProperty::~EventProperty [0x00007FF77019A759+3609]
Microsoft::Applications::Events::EventProperty::to_string [0x00007FF770487C44+1117556]
Microsoft::Applications::Events::ILogConfiguration::operator* [0x00007FF77025C718+299432]
Microsoft::Applications::Events::ILogConfiguration::operator* [0x00007FF7702574A4+278324]
Microsoft::Applications::Events::ILogConfiguration::operator* [0x00007FF7702575D2+278626]
Microsoft::Applications::Events::ILogConfiguration::operator* [0x00007FF77024A991+226337]
BaseThreadInitThunk [0x00007FFAF755257D+29]
RtlUserThreadStart [0x00007FFAF878AA58+40]

at java.base/jdk.internal.reflect.NativeConstructorAccessorImpl.newInstance0(Native Method)
at java.base/jdk.internal.reflect.NativeConstructorAccessorImpl.newInstance(NativeConstructorAccessorImpl.java:77)
at java.base/jdk.internal.reflect.DelegatingConstructorAccessorImpl.newInstance(DelegatingConstructorAccessorImpl.java:45)
at java.base/java.lang.reflect.Constructor.newInstanceWithCaller(Constructor.java:499)
at java.base/java.lang.reflect.Constructor.newInstance(Constructor.java:480)
at org.openqa.selenium.remote.W3CHandshakeResponse.lambda$errorHandler$0(W3CHandshakeResponse.java:62)
at org.openqa.selenium.remote.HandshakeResponse.lambda$getResponseFunction$0(HandshakeResponse.java:30)
at org.openqa.selenium.remote.ProtocolHandshake.lambda$createSession$0(ProtocolHandshake.java:126)
at java.base/java.util.stream.ReferencePipeline$3$1.accept(ReferencePipeline.java:197)
at java.base/java.util.Spliterators$ArraySpliterator.tryAdvance(Spliterators.java:1002)
at java.base/java.util.stream.ReferencePipeline.forEachWithCancel(ReferencePipeline.java:129)
at java.base/java.util.stream.AbstractPipeline.copyIntoWithCancel(AbstractPipeline.java:527)
at java.base/java.util.stream.AbstractPipeline.copyInto(AbstractPipeline.java:513)
at java.base/java.util.stream.AbstractPipeline.wrapAndCopyInto(AbstractPipeline.java:499)
at java.base/java.util.stream.FindOps$FindOp.evaluateSequential(FindOps.java:150)
at java.base/java.util.stream.AbstractPipeline.evaluate(AbstractPipeline.java:234)
at java.base/java.util.stream.ReferencePipeline.findFirst(ReferencePipeline.java:647)
at org.openqa.selenium.remote.ProtocolHandshake.createSession(ProtocolHandshake.java:128)
at org.openqa.selenium.remote.ProtocolHandshake.createSession(ProtocolHandshake.java:74)
at org.openqa.selenium.remote.HttpCommandExecutor.execute(HttpCommandExecutor.java:136)
at org.openqa.selenium.remote.service.DriverCommandExecutor.execute(DriverCommandExecutor.java:83)
at org.openqa.selenium.remote.RemoteWebDriver.execute(RemoteWebDriver.java:552)
at org.openqa.selenium.remote.RemoteWebDriver.startSession(RemoteWebDriver.java:213)
at org.openqa.selenium.remote.RemoteWebDriver.<init>(RemoteWebDriver.java:131)
at org.openqa.selenium.edge.EdgeDriver.<init>(EdgeDriver.java:141)
at org.openqa.selenium.edge.EdgeDriver.<init>(EdgeDriver.java:96)
at testScripts.BaseClass.launchBrowser(BaseClass.java:28)
at java.base/jdk.internal.reflect.NativeMethodAccessorImpl.invoke0(Native Method)
at java.base/jdk.internal.reflect.NativeMethodAccessorImpl.invoke(NativeMethodAccessorImpl.java:77)
at java.base/jdk.internal.reflect.DelegatingMethodAccessorImpl.invoke(DelegatingMethodAccessorImpl.java:43)
at java.base/java.lang.reflect.Method.invoke(Method.java:568)
at org.testng.internal.invokers.MethodInvocationHelper.invokeMethod(MethodInvocationHelper.java:139)
at org.testng.internal.invokers.MethodInvocationHelper.invokeMethodConsideringTimeout(MethodInvocationHelper.java:69)
at org.testng.internal.invokers.ConfigInvoker.invokeConfigurationMethod(ConfigInvoker.java:390)
at org.testng.internal.invokers.ConfigInvoker.invokeConfigurations(ConfigInvoker.java:325)
at org.testng.internal.invokers.TestMethodWorker.invokeBeforeClassMethods(TestMethodWorker.java:180)
at org.testng.internal.invokers.TestMethodWorker.run(TestMethodWorker.java:122)
at java.base/java.util.concurrent.ThreadPoolExecutor.runWorker(ThreadPoolExecutor.java:1136)
at java.base/java.util.concurrent.ThreadPoolExecutor$Worker.run(ThreadPoolExecutor.java:635)
at java.base/java.lang.Thread.run(Thread.java:833)
]]>
    </error>
  </testcase> <!-- launchBrowser -->
  <testcase classname="testScripts.kia" name="Kia" time="0.000">
    <skipped/>
  </testcase> <!-- Kia -->
  <testcase classname="testScripts.kia" name="launchBrowser" time="3.097">
    <error message="session not created: This version of ChromeDriver only supports Chrome version 119
Current browser version is 121.0.6167.140 with binary path C:\Program Files\Google\Chrome\Application\chrome.exe
Build info: version: &#039;3.141.59&#039;, revision: &#039;e82be7d358&#039;, time: &#039;2018-11-14T08:25:53&#039;
System info: host: &#039;SANJ&#039;, ip: &#039;192.168.29.242&#039;, os.name: &#039;Windows 11&#039;, os.arch: &#039;amd64&#039;, os.version: &#039;10.0&#039;, java.version: &#039;17.0.7&#039;
Driver info: driver.version: ChromeDriver
remote stacktrace: 	GetHandleVerifier [0x00007FF7E10282B2+55298]
	(No symbol) [0x00007FF7E0F95E02]
	(No symbol) [0x00007FF7E0E505AB]
	(No symbol) [0x00007FF7E0E83E72]
	(No symbol) [0x00007FF7E0E832FE]
	(No symbol) [0x00007FF7E0E7EC6C]
	(No symbol) [0x00007FF7E0E7B30E]
	(No symbol) [0x00007FF7E0EBA198]
	(No symbol) [0x00007FF7E0EB9CB0]
	(No symbol) [0x00007FF7E0EB1E83]
	(No symbol) [0x00007FF7E0E8670A]
	(No symbol) [0x00007FF7E0E87964]
	GetHandleVerifier [0x00007FF7E13A0AAB+3694587]
	GetHandleVerifier [0x00007FF7E13F728E+4048862]
	GetHandleVerifier [0x00007FF7E13EF173+4015811]
	GetHandleVerifier [0x00007FF7E10C47D6+695590]
	(No symbol) [0x00007FF7E0FA0CE8]
	(No symbol) [0x00007FF7E0F9CF34]
	(No symbol) [0x00007FF7E0F9D062]
	(No symbol) [0x00007FF7E0F8D3A3]
	BaseThreadInitThunk [0x00007FFAF755257D+29]
	RtlUserThreadStart [0x00007FFAF878AA58+40]
" type="org.openqa.selenium.SessionNotCreatedException">
      <![CDATA[org.openqa.selenium.SessionNotCreatedException: session not created: This version of ChromeDriver only supports Chrome version 119
Current browser version is 121.0.6167.140 with binary path C:\Program Files\Google\Chrome\Application\chrome.exe
Build info: version: '3.141.59', revision: 'e82be7d358', time: '2018-11-14T08:25:53'
System info: host: 'SANJ', ip: '192.168.29.242', os.name: 'Windows 11', os.arch: 'amd64', os.version: '10.0', java.version: '17.0.7'
Driver info: driver.version: ChromeDriver
remote stacktrace: GetHandleVerifier [0x00007FF7E10282B2+55298]
(No symbol) [0x00007FF7E0F95E02]
(No symbol) [0x00007FF7E0E505AB]
(No symbol) [0x00007FF7E0E83E72]
(No symbol) [0x00007FF7E0E832FE]
(No symbol) [0x00007FF7E0E7EC6C]
(No symbol) [0x00007FF7E0E7B30E]
(No symbol) [0x00007FF7E0EBA198]
(No symbol) [0x00007FF7E0EB9CB0]
(No symbol) [0x00007FF7E0EB1E83]
(No symbol) [0x00007FF7E0E8670A]
(No symbol) [0x00007FF7E0E87964]
GetHandleVerifier [0x00007FF7E13A0AAB+3694587]
GetHandleVerifier [0x00007FF7E13F728E+4048862]
GetHandleVerifier [0x00007FF7E13EF173+4015811]
GetHandleVerifier [0x00007FF7E10C47D6+695590]
(No symbol) [0x00007FF7E0FA0CE8]
(No symbol) [0x00007FF7E0F9CF34]
(No symbol) [0x00007FF7E0F9D062]
(No symbol) [0x00007FF7E0F8D3A3]
BaseThreadInitThunk [0x00007FFAF755257D+29]
RtlUserThreadStart [0x00007FFAF878AA58+40]

at java.base/jdk.internal.reflect.NativeConstructorAccessorImpl.newInstance0(Native Method)
at java.base/jdk.internal.reflect.NativeConstructorAccessorImpl.newInstance(NativeConstructorAccessorImpl.java:77)
at java.base/jdk.internal.reflect.DelegatingConstructorAccessorImpl.newInstance(DelegatingConstructorAccessorImpl.java:45)
at java.base/java.lang.reflect.Constructor.newInstanceWithCaller(Constructor.java:499)
at java.base/java.lang.reflect.Constructor.newInstance(Constructor.java:480)
at org.openqa.selenium.remote.W3CHandshakeResponse.lambda$errorHandler$0(W3CHandshakeResponse.java:62)
at org.openqa.selenium.remote.HandshakeResponse.lambda$getResponseFunction$0(HandshakeResponse.java:30)
at org.openqa.selenium.remote.ProtocolHandshake.lambda$createSession$0(ProtocolHandshake.java:126)
at java.base/java.util.stream.ReferencePipeline$3$1.accept(ReferencePipeline.java:197)
at java.base/java.util.Spliterators$ArraySpliterator.tryAdvance(Spliterators.java:1002)
at java.base/java.util.stream.ReferencePipeline.forEachWithCancel(ReferencePipeline.java:129)
at java.base/java.util.stream.AbstractPipeline.copyIntoWithCancel(AbstractPipeline.java:527)
at java.base/java.util.stream.AbstractPipeline.copyInto(AbstractPipeline.java:513)
at java.base/java.util.stream.AbstractPipeline.wrapAndCopyInto(AbstractPipeline.java:499)
at java.base/java.util.stream.FindOps$FindOp.evaluateSequential(FindOps.java:150)
at java.base/java.util.stream.AbstractPipeline.evaluate(AbstractPipeline.java:234)
at java.base/java.util.stream.ReferencePipeline.findFirst(ReferencePipeline.java:647)
at org.openqa.selenium.remote.ProtocolHandshake.createSession(ProtocolHandshake.java:128)
at org.openqa.selenium.remote.ProtocolHandshake.createSession(ProtocolHandshake.java:74)
at org.openqa.selenium.remote.HttpCommandExecutor.execute(HttpCommandExecutor.java:136)
at org.openqa.selenium.remote.service.DriverCommandExecutor.execute(DriverCommandExecutor.java:83)
at org.openqa.selenium.remote.RemoteWebDriver.execute(RemoteWebDriver.java:552)
at org.openqa.selenium.remote.RemoteWebDriver.startSession(RemoteWebDriver.java:213)
at org.openqa.selenium.remote.RemoteWebDriver.<init>(RemoteWebDriver.java:131)
at org.openqa.selenium.chrome.ChromeDriver.<init>(ChromeDriver.java:181)
at org.openqa.selenium.chrome.ChromeDriver.<init>(ChromeDriver.java:168)
at org.openqa.selenium.chrome.ChromeDriver.<init>(ChromeDriver.java:123)
at testScripts.BaseClass.launchBrowser(BaseClass.java:34)
at java.base/jdk.internal.reflect.NativeMethodAccessorImpl.invoke0(Native Method)
at java.base/jdk.internal.reflect.NativeMethodAccessorImpl.invoke(NativeMethodAccessorImpl.java:77)
at java.base/jdk.internal.reflect.DelegatingMethodAccessorImpl.invoke(DelegatingMethodAccessorImpl.java:43)
at java.base/java.lang.reflect.Method.invoke(Method.java:568)
at org.testng.internal.invokers.MethodInvocationHelper.invokeMethod(MethodInvocationHelper.java:139)
at org.testng.internal.invokers.MethodInvocationHelper.invokeMethodConsideringTimeout(MethodInvocationHelper.java:69)
at org.testng.internal.invokers.ConfigInvoker.invokeConfigurationMethod(ConfigInvoker.java:390)
at org.testng.internal.invokers.ConfigInvoker.invokeConfigurations(ConfigInvoker.java:325)
at org.testng.internal.invokers.TestMethodWorker.invokeBeforeClassMethods(TestMethodWorker.java:180)
at org.testng.internal.invokers.TestMethodWorker.run(TestMethodWorker.java:122)
at java.base/java.util.concurrent.ThreadPoolExecutor.runWorker(ThreadPoolExecutor.java:1136)
at java.base/java.util.concurrent.ThreadPoolExecutor$Worker.run(ThreadPoolExecutor.java:635)
at java.base/java.lang.Thread.run(Thread.java:833)
]]>
    </error>
  </testcase> <!-- launchBrowser -->
</testsuite> <!-- testScripts.kia -->
